<?xml version="1.0" encoding="UTF-8"?>
<!-- Generated by org.testng.reporters.JUnitReportReporter -->
<testsuite skipped="0" hostname="BLT1217" name="com.Testcase.Oldtest_testcase" tests="2" failures="0" timestamp="2020-03-10T19:03:25 IST" time="22.681" errors="0">
  <testcase name="assertGet" time="10.924" classname="com.Testcase.Oldtest_testcase"/>
  <testcase name="testcase" time="11.757" classname="com.Testcase.Oldtest_testcase"/>
</testsuite> <!-- com.Testcase.Oldtest_testcase -->
