<?xml version="1.0" encoding="UTF-8"?>
<!-- Generated by org.testng.reporters.JUnitReportReporter -->
<testsuite hostname="BLT1221" name="com.Testcase.DownloadIEDriver_TestCase" tests="2" failures="0" timestamp="11 Mar 2020 12:44:06 GMT" time="1.165" errors="0">
  <testcase name="testcase" time="1.156" classname="com.Testcase.DownloadIEDriver_TestCase"/>
  <testcase name="assertGet" time="0.009" classname="com.Testcase.DownloadIEDriver_TestCase"/>
</testsuite> <!-- com.Testcase.DownloadIEDriver_TestCase -->
