<?xml version="1.0" encoding="UTF-8"?>
<!-- Generated by org.testng.reporters.JUnitReportReporter -->
<testsuite hostname="BLT1221" name="Testngdemo.HeadlessBrowser" tests="1" failures="0" timestamp="18 Feb 2020 05:31:15 GMT" time="2.979" errors="0">
  <testcase name="login" time="2.979" classname="Testngdemo.HeadlessBrowser"/>
</testsuite> <!-- Testngdemo.HeadlessBrowser -->
