<?xml version="1.0" encoding="UTF-8"?>
<!-- Generated by org.testng.reporters.JUnitReportReporter -->
<testsuite hostname="BLT1221" name="Testngdemo.Dependsongroup" tests="2" failures="0" timestamp="17 Feb 2020 11:03:59 GMT" time="0.016" errors="0">
  <testcase name="testcase2" time="0.016" classname="Testngdemo.Dependsongroup"/>
  <testcase name="testcase3" time="0.000" classname="Testngdemo.Dependsongroup"/>
</testsuite> <!-- Testngdemo.Dependsongroup -->
