<?xml version="1.0" encoding="UTF-8"?>
<!-- Generated by org.testng.reporters.JUnitReportReporter -->
<testsuite hostname="BLT1221" name="Testngdemo.WindowHandling" tests="1" failures="0" timestamp="19 Feb 2020 11:00:43 GMT" time="15.263" errors="0">
  <testcase name="irtclogin" time="15.263" classname="Testngdemo.WindowHandling"/>
</testsuite> <!-- Testngdemo.WindowHandling -->
