<?xml version="1.0" encoding="UTF-8"?>
<!-- Generated by org.testng.reporters.JUnitReportReporter -->
<testsuite hostname="BLT1221" name="Testngdemo.PriorityTestcase" tests="3" failures="0" timestamp="17 Feb 2020 08:16:31 GMT" time="0.031" errors="0">
  <testcase name="testcase3" time="0.015" classname="Testngdemo.PriorityTestcase"/>
  <testcase name="testcase1" time="0.000" classname="Testngdemo.PriorityTestcase"/>
  <testcase name="testcase2" time="0.016" classname="Testngdemo.PriorityTestcase"/>
</testsuite> <!-- Testngdemo.PriorityTestcase -->
