<?xml version="1.0" encoding="UTF-8"?>
<!-- Generated by org.testng.reporters.JUnitReportReporter -->
<testsuite hostname="BLT1221" name="Testngdemo.NewTest" tests="3" failures="0" timestamp="17 Feb 2020 06:52:01 GMT" time="0.031" errors="0">
  <testcase name="testcase1" time="0.031" classname="Testngdemo.NewTest"/>
  <testcase name="testcase3" time="0.000" classname="Testngdemo.NewTest"/>
  <testcase name="testcase2" time="0.000" classname="Testngdemo.NewTest"/>
</testsuite> <!-- Testngdemo.NewTest -->
