<?xml version="1.0" encoding="UTF-8"?>
<!-- Generated by org.testng.reporters.JUnitReportReporter -->
<testsuite hostname="BLT1221" name="Testngdemo.ParallelTestcase1" tests="3" failures="0" timestamp="17 Feb 2020 08:40:53 GMT" time="0.047" errors="0">
  <testcase name="testcase4" time="0.031" classname="Testngdemo.ParallelTestcase1"/>
  <testcase name="testcase6" time="0.016" classname="Testngdemo.ParallelTestcase1"/>
  <testcase name="testcase5" time="0.000" classname="Testngdemo.ParallelTestcase1"/>
</testsuite> <!-- Testngdemo.ParallelTestcase1 -->
