<?xml version="1.0" encoding="UTF-8"?>
<!-- Generated by org.testng.reporters.JUnitReportReporter -->
<testsuite hostname="BLT1221" name="Testngdemo.ParallelTestcase" tests="3" failures="0" timestamp="17 Feb 2020 08:40:53 GMT" time="0.031" errors="0">
  <testcase name="testcase1" time="0.031" classname="Testngdemo.ParallelTestcase"/>
  <testcase name="testcase2" time="0.000" classname="Testngdemo.ParallelTestcase"/>
  <testcase name="testcase3" time="0.000" classname="Testngdemo.ParallelTestcase"/>
</testsuite> <!-- Testngdemo.ParallelTestcase -->
