<?xml version="1.0" encoding="UTF-8"?>
<!-- Generated by org.testng.reporters.JUnitReportReporter -->
<testsuite hostname="BLT1221" name="FileUpload" tests="1" failures="0" timestamp="24 Feb 2020 09:38:50 GMT" time="11.142" errors="0">
  <testcase name="demo" time="11.142" classname="FileUpload"/>
</testsuite> <!-- FileUpload -->
