<?xml version="1.0" encoding="UTF-8"?>
<!-- Generated by org.testng.reporters.JUnitReportReporter -->
<testsuite hostname="BLT1221" name="webt" tests="1" failures="0" timestamp="24 Feb 2020 10:37:45 GMT" time="18.001" errors="0">
  <testcase name="tab" time="18.001" classname="webt"/>
</testsuite> <!-- webt -->
