<?xml version="1.0" encoding="UTF-8"?>
<!-- Generated by org.testng.reporters.JUnitReportReporter -->
<testsuite hostname="BLT1221" name="Testcase.LinkdinTestcase" tests="1" failures="0" timestamp="19 Feb 2020 08:24:54 GMT" time="7.787" errors="0">
  <testcase name="login" time="7.787" classname="Testcase.LinkdinTestcase"/>
</testsuite> <!-- Testcase.LinkdinTestcase -->
