<?xml version="1.0" encoding="UTF-8"?>
<!-- Generated by org.testng.reporters.JUnitReportReporter -->
<testsuite hostname="BLT1221" name="Demo" tests="1" failures="0" timestamp="20 Feb 2020 06:34:22 GMT" time="0.024" errors="0">
  <testcase name="one" time="0.024" classname="Demo"/>
</testsuite> <!-- Demo -->
