<?xml version="1.0" encoding="UTF-8"?>
<!-- Generated by org.testng.reporters.JUnitReportReporter -->
<testsuite skipped="0" hostname="BLT1219" name="com.Testcase.login_case" tests="1" failures="0" timestamp="2020-03-04T16:02:11 IST" time="32.508" errors="0">
  <testcase name="login_case1" time="32.508" classname="com.Testcase.login_case"/>
  <system-out/>
</testsuite> <!-- com.Testcase.login_case -->
